<?xml version="1.0" encoding="UTF-8"?>
<!-- Generated by org.testng.reporters.JUnitReportReporter -->
<testsuite skipped="0" hostname="HabiburRahman" name="fundTransferModule.TestMyAccount" tests="2" failures="0" timestamp="23 May 2017 09:54:38 GMT" time="31.794" errors="0">
  <testcase name="fundTransferToMyAccount" time="28.329" classname="fundTransferModule.TestMyAccount"/>
  <testcase name="sameAccount" time="3.465" classname="fundTransferModule.TestMyAccount"/>
</testsuite> <!-- fundTransferModule.TestMyAccount -->
