<?xml version="1.0" encoding="UTF-8"?>
<!-- Generated by org.testng.reporters.JUnitReportReporter -->
<testsuite skipped="0" hostname="HabiburRahman" name="cardsModule.NewTest" tests="1" failures="0" timestamp="24 May 2017 08:18:36 GMT" time="27.937" errors="0">
  <testcase name="othercardPayment" time="27.937" classname="cardsModule.NewTest"/>
</testsuite> <!-- cardsModule.NewTest -->
