<?xml version="1.0" encoding="UTF-8"?>
<!-- Generated by org.testng.reporters.JUnitReportReporter -->
<testsuite skipped="0" hostname="HabiburRahman" name="fundTransferModule.TestWithinCityAccount" tests="3" failures="0" timestamp="15 May 2017 09:57:52 GMT" time="131.292" errors="0">
  <testcase name="addBeneficiaryAndDeleteWithinCityAccount" time="48.169" classname="fundTransferModule.TestWithinCityAccount"/>
  <testcase name="fundTransferWithinCityAccount" time="39.656" classname="fundTransferModule.TestWithinCityAccount"/>
  <testcase name="addBeneficiaryByOwnAccount" time="43.467" classname="fundTransferModule.TestWithinCityAccount"/>
</testsuite> <!-- fundTransferModule.TestWithinCityAccount -->
