<?xml version="1.0" encoding="UTF-8"?>
<!-- Generated by org.testng.reporters.JUnitReportReporter -->
<testsuite skipped="0" hostname="HabiburRahman" name="fundTransferModule.NewTest" tests="1" failures="0" timestamp="15 May 2017 13:32:13 GMT" time="67.694" errors="0">
  <testcase name="addBeneficiaryAndDeleteOutsideCityAccount" time="67.694" classname="fundTransferModule.NewTest"/>
</testsuite> <!-- fundTransferModule.NewTest -->
