<?xml version="1.0" encoding="UTF-8"?>
<!-- Generated by org.testng.reporters.JUnitReportReporter -->
<testsuite skipped="0" hostname="HabiburRahman" name="loginModule.New" tests="1" failures="0" timestamp="16 May 2017 14:06:19 GMT" time="10.615" errors="0">
  <testcase name="f" time="10.615" classname="loginModule.New"/>
</testsuite> <!-- loginModule.New -->
